<?xml version="1.0" encoding="UTF-8"?>
<!-- Generated by org.testng.reporters.JUnitXMLReporter -->
<testsuite ignored="0" hostname="DESKTOP-JNAU409" failures="0" tests="3" name="Default test" time="13.76" errors="0" timestamp="2022-05-25T08:53:03 CEST">
  <testcase classname="demoProject1.TestClass1" name="Test1" time="2.647"/>
  <testcase classname="demoProject1.TestClass1" name="Test2" time="1.584"/>
  <testcase classname="demoProject1.TestClass1" name="Test3" time="1.11"/>
</testsuite> <!-- Default test -->
