<?xml version="1.0" encoding="UTF-8"?>
<testng-results ignored="0" total="3" passed="3" failed="0" skipped="0">
  <reporter-output>
  </reporter-output>
  <suite started-at="2022-05-25T08:52:49 CEST" name="Default suite" finished-at="2022-05-25T08:53:03 CEST" duration-ms="13760">
    <groups>
    </groups>
    <test started-at="2022-05-25T08:52:49 CEST" name="Default test" finished-at="2022-05-25T08:53:03 CEST" duration-ms="13760">
      <class name="demoProject1.TestClass1">
        <test-method is-config="true" signature="launchDriver()[pri:0, instance:demoProject1.TestClass1@4fb61f4a]" started-at="2022-05-25T08:52:49 CEST" name="launchDriver" finished-at="2022-05-25T08:52:53 CEST" duration-ms="3337" status="PASS">
          <reporter-output>
          </reporter-output>
        </test-method> <!-- launchDriver -->
        <test-method signature="Test1()[pri:0, instance:demoProject1.TestClass1@4fb61f4a]" started-at="2022-05-25T08:52:53 CEST" name="Test1" finished-at="2022-05-25T08:52:55 CEST" duration-ms="2647" status="PASS">
          <reporter-output>
          </reporter-output>
        </test-method> <!-- Test1 -->
        <test-method is-config="true" signature="quit()[pri:0, instance:demoProject1.TestClass1@4fb61f4a]" started-at="2022-05-25T08:52:55 CEST" name="quit" finished-at="2022-05-25T08:52:56 CEST" duration-ms="473" status="PASS">
          <reporter-output>
          </reporter-output>
        </test-method> <!-- quit -->
        <test-method is-config="true" signature="launchDriver()[pri:0, instance:demoProject1.TestClass1@4fb61f4a]" started-at="2022-05-25T08:52:56 CEST" name="launchDriver" finished-at="2022-05-25T08:52:57 CEST" duration-ms="1693" status="PASS">
          <reporter-output>
          </reporter-output>
        </test-method> <!-- launchDriver -->
        <test-method signature="Test2()[pri:0, instance:demoProject1.TestClass1@4fb61f4a]" started-at="2022-05-25T08:52:57 CEST" name="Test2" finished-at="2022-05-25T08:52:59 CEST" duration-ms="1584" status="PASS">
          <reporter-output>
          </reporter-output>
        </test-method> <!-- Test2 -->
        <test-method is-config="true" signature="quit()[pri:0, instance:demoProject1.TestClass1@4fb61f4a]" started-at="2022-05-25T08:52:59 CEST" name="quit" finished-at="2022-05-25T08:52:59 CEST" duration-ms="380" status="PASS">
          <reporter-output>
          </reporter-output>
        </test-method> <!-- quit -->
        <test-method is-config="true" signature="launchDriver()[pri:0, instance:demoProject1.TestClass1@4fb61f4a]" started-at="2022-05-25T08:52:59 CEST" name="launchDriver" finished-at="2022-05-25T08:53:01 CEST" duration-ms="2055" status="PASS">
          <reporter-output>
          </reporter-output>
        </test-method> <!-- launchDriver -->
        <test-method signature="Test3()[pri:0, instance:demoProject1.TestClass1@4fb61f4a]" started-at="2022-05-25T08:53:01 CEST" name="Test3" finished-at="2022-05-25T08:53:03 CEST" duration-ms="1110" status="PASS">
          <reporter-output>
          </reporter-output>
        </test-method> <!-- Test3 -->
        <test-method is-config="true" signature="quit()[pri:0, instance:demoProject1.TestClass1@4fb61f4a]" started-at="2022-05-25T08:53:03 CEST" name="quit" finished-at="2022-05-25T08:53:03 CEST" duration-ms="386" status="PASS">
          <reporter-output>
          </reporter-output>
        </test-method> <!-- quit -->
      </class> <!-- demoProject1.TestClass1 -->
    </test> <!-- Default test -->
  </suite> <!-- Default suite -->
</testng-results>
